0 info it worked if it ends with ok
1 verbose cli [ '/usr/bin/nodejs', '/usr/local/bin/npm', 'start' ]
2 info using npm@3.8.8
3 info using node@v4.3.1
4 verbose run-script [ 'prestart', 'start', 'poststart' ]
5 info lifecycle openshift-cartridge-nodejs-template@1.0.1~prestart: openshift-cartridge-nodejs-template@1.0.1
6 silly lifecycle openshift-cartridge-nodejs-template@1.0.1~prestart: no script for prestart, continuing
7 info lifecycle openshift-cartridge-nodejs-template@1.0.1~start: openshift-cartridge-nodejs-template@1.0.1
8 verbose lifecycle openshift-cartridge-nodejs-template@1.0.1~start: unsafe-perm in lifecycle true
9 verbose lifecycle openshift-cartridge-nodejs-template@1.0.1~start: PATH: /usr/local/lib/node_modules/npm/bin/node-gyp-bin:/mnt/storage/Work/AngularJS/OpenShiftApp/node_modules/.bin:/usr/bin:/usr/local/bin:/usr/bin:/bin:/usr/games:/opt/netbeans/bin/:/opt/eclipse/:/opt/jdk7/:/opt/android-sdks//platform-tools/:/sbin/::/opt/go-1.6.2//bin
10 verbose lifecycle openshift-cartridge-nodejs-template@1.0.1~start: CWD: /mnt/storage/Work/AngularJS/OpenShiftApp
11 silly lifecycle openshift-cartridge-nodejs-template@1.0.1~start: Args: [ '-c', 'node --use_strict start.js' ]
12 silly lifecycle openshift-cartridge-nodejs-template@1.0.1~start: Returned: code: 1  signal: null
13 info lifecycle openshift-cartridge-nodejs-template@1.0.1~start: Failed to exec start script
14 verbose stack Error: openshift-cartridge-nodejs-template@1.0.1 start: `node --use_strict start.js`
14 verbose stack Exit status 1
14 verbose stack     at EventEmitter.<anonymous> (/usr/local/lib/node_modules/npm/lib/utils/lifecycle.js:244:16)
14 verbose stack     at emitTwo (events.js:87:13)
14 verbose stack     at EventEmitter.emit (events.js:172:7)
14 verbose stack     at ChildProcess.<anonymous> (/usr/local/lib/node_modules/npm/lib/utils/spawn.js:24:14)
14 verbose stack     at emitTwo (events.js:87:13)
14 verbose stack     at ChildProcess.emit (events.js:172:7)
14 verbose stack     at maybeClose (internal/child_process.js:821:16)
14 verbose stack     at Process.ChildProcess._handle.onexit (internal/child_process.js:211:5)
15 verbose pkgid openshift-cartridge-nodejs-template@1.0.1
16 verbose cwd /mnt/storage/Work/AngularJS/OpenShiftApp
17 error Linux 4.1.0-2-amd64
18 error argv "/usr/bin/nodejs" "/usr/local/bin/npm" "start"
19 error node v4.3.1
20 error npm  v3.8.8
21 error code ELIFECYCLE
22 error openshift-cartridge-nodejs-template@1.0.1 start: `node --use_strict start.js`
22 error Exit status 1
23 error Failed at the openshift-cartridge-nodejs-template@1.0.1 start script 'node --use_strict start.js'.
23 error Make sure you have the latest version of node.js and npm installed.
23 error If you do, this is most likely a problem with the openshift-cartridge-nodejs-template package,
23 error not with npm itself.
23 error Tell the author that this fails on your system:
23 error     node --use_strict start.js
23 error You can get information on how to open an issue for this project with:
23 error     npm bugs openshift-cartridge-nodejs-template
23 error Or if that isn't available, you can get their info via:
23 error     npm owner ls openshift-cartridge-nodejs-template
23 error There is likely additional logging output above.
24 verbose exit [ 1, true ]
